-------------------------------------------------------------------------------
Test set: TestWelcome
-------------------------------------------------------------------------------
Tests run: 1, Failures: 1, Errors: 0, Skipped: 0, Time elapsed: 0.015 s <<< FAILURE! - in TestWelcome
testWelcome  Time elapsed: 0.013 s  <<< FAILURE!
java.lang.AssertionError: Status expected:<200> but was:<404>
	at TestWelcome.testWelcome(TestWelcome.java:32)

